[15-Sep-2025 03:50:06 UTC] PHP Fatal error:  Allowed memory size of 134217728 bytes exhausted (tried to allocate 32768 bytes) in C:\Users\faria\projeto-final\vendor\laravel\framework\src\Illuminate\Database\Query\Builder.php on line 451
[15-Sep-2025 03:50:06 UTC] PHP Fatal error:  Allowed memory size of 134217728 bytes exhausted (tried to allocate 65536 bytes) in C:\Users\faria\projeto-final\vendor\laravel\framework\src\Illuminate\Log\Context\Repository.php on line 106
[30-Sep-2025 18:01:06 UTC] PHP Parse error:  syntax error, unexpected token ":", expecting "," or ";" in Command line code on line 1
[30-Sep-2025 18:54:08 UTC] PHP Parse error:  syntax error, unexpected token "=>" in Command line code on line 1
[30-Sep-2025 18:54:13 UTC] PHP Parse error:  syntax error, unexpected token "=", expecting end of file in Command line code on line 1
[30-Sep-2025 18:55:43 UTC] PHP Parse error:  syntax error, unexpected token "=", expecting end of file in Command line code on line 1
[30-Sep-2025 22:25:07 UTC] PHP Parse error:  syntax error, unexpected token "=", expecting end of file in Command line code on line 1
[30-Sep-2025 22:25:11 UTC] PHP Parse error:  syntax error, unexpected token "=", expecting end of file in Command line code on line 1
[30-Sep-2025 22:30:12 UTC] PHP Fatal error:  Uncaught Error: Class "Carbon\Carbon" not found in Command line code:1
Stack trace:
#0 {main}
  thrown in Command line code on line 1
[01-Oct-2025 19:55:17 UTC] PHP Fatal error:  Allowed memory size of 134217728 bytes exhausted (tried to allocate 262144 bytes) in phar://C:/Users/faria/projeto-final/vendor/phpstan/phpstan/phpstan.phar/vendor/nikic/php-parser/lib/PhpParser/PrettyPrinterAbstract.php on line 356
[01-Oct-2025 19:55:18 UTC] PHP Fatal error:  Allowed memory size of 134217728 bytes exhausted (tried to allocate 65536 bytes) in C:\Users\faria\projeto-final\vendor\laravel\framework\src\Illuminate\Database\Grammar.php on line 276
[01-Oct-2025 19:58:50 UTC] PHP Fatal error:  Allowed memory size of 134217728 bytes exhausted (tried to allocate 262144 bytes) in phar://C:/Users/faria/projeto-final/vendor/phpstan/phpstan/phpstan.phar/vendor/nikic/php-parser/lib/PhpParser/PrettyPrinterAbstract.php on line 356
[01-Oct-2025 19:58:50 UTC] PHP Fatal error:  Allowed memory size of 134217728 bytes exhausted (tried to allocate 65536 bytes) in C:\Users\faria\projeto-final\vendor\laravel\framework\src\Illuminate\Database\Grammar.php on line 276
[16-Oct-2025 21:51:58 UTC] PHP Fatal error:  Allowed memory size of 134217728 bytes exhausted (tried to allocate 528384 bytes) in phar://C:/Users/faria/projeto-final/vendor/phpstan/phpstan/phpstan.phar/vendor/phpstan/phpdoc-parser/src/Lexer/Lexer.php on line 72
[16-Oct-2025 21:51:58 UTC] PHP Fatal error:  Allowed memory size of 134217728 bytes exhausted (tried to allocate 32768 bytes) in phar://C:/Users/faria/projeto-final/vendor/phpstan/phpstan/phpstan.phar/vendor/symfony/polyfill-intl-normalizer/Resources/unidata/canonicalDecomposition.php on line 1256
[17-Oct-2025 03:35:38 UTC] PHP Parse error:  syntax error, unexpected token "=", expecting end of file in Command line code on line 1
[17-Oct-2025 04:59:26 UTC] PHP Fatal error:  Allowed memory size of 134217728 bytes exhausted (tried to allocate 4096 bytes) in phar://C:/Users/faria/projeto-final/vendor/phpstan/phpstan/phpstan.phar/vendor/phpstan/phpdoc-parser/src/Lexer/Lexer.php on line 77
[17-Oct-2025 04:59:26 UTC] PHP Fatal error:  Allowed memory size of 134217728 bytes exhausted (tried to allocate 65536 bytes) in phar://C:/Users/faria/projeto-final/vendor/phpstan/phpstan/phpstan.phar/vendor/symfony/string/AbstractString.php on line 28
